<?xml version="1.0" encoding="UTF-8"?>
<!-- Generated by org.testng.reporters.JUnitReportReporter -->
<testsuite hostname="LAPTOP-GB6I0OB6" failures="0" tests="1" name="testcases.LoginTest" time="6.945" errors="0" timestamp="2023-10-04T20:25:53 IST" skipped="0">
  <testcase classname="testcases.LoginTest" name="verifyLogin" time="6.945"/>
</testsuite> <!-- testcases.LoginTest -->
