<?xml version="1.0" encoding="UTF-8"?>
<!-- Generated by org.testng.reporters.JUnitReportReporter -->
<testsuite hostname="LAPTOP-GB6I0OB6" failures="0" tests="1" name="testcases.HomeTest" time="54.202" errors="0" timestamp="2023-10-04T20:08:06 IST" skipped="0">
  <testcase classname="testcases.HomeTest" name="verifyHomePage" time="54.202"/>
</testsuite> <!-- testcases.HomeTest -->
